[    0.000000] Linux version 4.15.0-212-generic (buildd@lcy02-amd64-083) (gcc version 7.5.0 (Ubuntu 7.5.0-3ubuntu1~18.04)) #223-Ubuntu SMP Tue May 23 13:09:22 UTC 2023 (Ubuntu 4.15.0-212.223-generic 4.15.18)
[    0.000000] Command line: BOOT_IMAGE=/boot/vmlinuz-4.15.0-212-generic root=LABEL=cloudimg-rootfs ro console=tty1 console=ttyS0
[    0.000000] KERNEL supported cpus:
[    0.000000]   Intel GenuineIntel
[    0.000000]   AMD AuthenticAMD
[    0.000000]   Centaur CentaurHauls
[    0.000000] x86/fpu: Supporting XSAVE feature 0x001: 'x87 floating point registers'
[    0.000000] x86/fpu: Supporting XSAVE feature 0x002: 'SSE registers'
[    0.000000] x86/fpu: Supporting XSAVE feature 0x004: 'AVX registers'
[    0.000000] x86/fpu: xstate_offset[2]:  576, xstate_sizes[2]:  256
[    0.000000] x86/fpu: Enabled xstate features 0x7, context size is 832 bytes, using 'standard' format.
[    0.000000] e820: BIOS-provided physical RAM map:
[    0.000000] BIOS-e820: [mem 0x0000000000000000-0x000000000009fbff] usable
[    0.000000] BIOS-e820: [mem 0x000000000009fc00-0x000000000009ffff] reserved
[    0.000000] BIOS-e820: [mem 0x00000000000f0000-0x00000000000fffff] reserved
[    0.000000] BIOS-e820: [mem 0x0000000000100000-0x000000003ffeffff] usable
[    0.000000] BIOS-e820: [mem 0x000000003fff0000-0x000000003fffffff] ACPI data
[    0.000000] BIOS-e820: [mem 0x00000000fec00000-0x00000000fec00fff] reserved
[    0.000000] BIOS-e820: [mem 0x00000000fee00000-0x00000000fee00fff] reserved
[    0.000000] BIOS-e820: [mem 0x00000000fffc0000-0x00000000ffffffff] reserved
[    0.000000] NX (Execute Disable) protection: active
[    0.000000] SMBIOS 2.5 present.
[    0.000000] DMI: innotek GmbH VirtualBox/VirtualBox, BIOS VirtualBox 12/01/2006
[    0.000000] Hypervisor detected: KVM
[    0.000000] e820: last_pfn = 0x3fff0 max_arch_pfn = 0x400000000
[    0.000000] MTRR: Disabled
[    0.000000] x86/PAT: MTRRs disabled, skipping PAT initialization too.
[    0.000000] CPU MTRRs all blank - virtualized system.
[    0.000000] x86/PAT: Configuration [0-7]: WB  WT  UC- UC  WB  WT  UC- UC  
[    0.000000] found SMP MP-table at [mem 0x0009fff0-0x0009ffff]
[    0.000000] Scanning 1 areas for low memory corruption
[    0.000000] RAMDISK: [mem 0x359cb000-0x36cdcfff]
[    0.000000] ACPI: Early table checksum verification disabled
[    0.000000] ACPI: RSDP 0x00000000000E0000 000024 (v02 VBOX  )
[    0.000000] ACPI: XSDT 0x000000003FFF0030 00003C (v01 VBOX   VBOXXSDT 00000001 ASL  00000061)
[    0.000000] ACPI: FACP 0x000000003FFF00F0 0000F4 (v04 VBOX   VBOXFACP 00000001 ASL  00000061)
[    0.000000] ACPI: DSDT 0x000000003FFF0470 002325 (v02 VBOX   VBOXBIOS 00000002 INTL 20210604)
[    0.000000] ACPI: FACS 0x000000003FFF0200 000040
[    0.000000] ACPI: FACS 0x000000003FFF0200 000040
[    0.000000] ACPI: APIC 0x000000003FFF0240 00005C (v02 VBOX   VBOXAPIC 00000001 ASL  00000061)
[    0.000000] ACPI: SSDT 0x000000003FFF02A0 0001CC (v01 VBOX   VBOXCPUT 00000002 INTL 20210604)
[    0.000000] ACPI: Reserving FACP table memory at [mem 0x3fff00f0-0x3fff01e3]
[    0.000000] ACPI: Reserving DSDT table memory at [mem 0x3fff0470-0x3fff2794]
[    0.000000] ACPI: Reserving FACS table memory at [mem 0x3fff0200-0x3fff023f]
[    0.000000] ACPI: Reserving FACS table memory at [mem 0x3fff0200-0x3fff023f]
[    0.000000] ACPI: Reserving APIC table memory at [mem 0x3fff0240-0x3fff029b]
[    0.000000] ACPI: Reserving SSDT table memory at [mem 0x3fff02a0-0x3fff046b]
[    0.000000] No NUMA configuration found
[    0.000000] Faking a node at [mem 0x0000000000000000-0x000000003ffeffff]
[    0.000000] NODE_DATA(0) allocated [mem 0x3ffc5000-0x3ffeffff]
[    0.000000] kvm-clock: cpu 0, msr 0:3ff44001, primary cpu clock
[    0.000000] kvm-clock: Using msrs 4b564d01 and 4b564d00
[    0.000000] kvm-clock: using sched offset of 3172802477 cycles
[    0.000000] clocksource: kvm-clock: mask: 0xffffffffffffffff max_cycles: 0x1cd42e4dffb, max_idle_ns: 881590591483 ns
[    0.000000] Zone ranges:
[    0.000000]   DMA      [mem 0x0000000000001000-0x0000000000ffffff]
[    0.000000]   DMA32    [mem 0x0000000001000000-0x000000003ffeffff]
[    0.000000]   Normal   empty
[    0.000000]   Device   empty
[    0.000000] Movable zone start for each node
[    0.000000] Early memory node ranges
[    0.000000]   node   0: [mem 0x0000000000001000-0x000000000009efff]
[    0.000000]   node   0: [mem 0x0000000000100000-0x000000003ffeffff]
[    0.000000] Reserved but unavailable: 104 pages
[    0.000000] Initmem setup node 0 [mem 0x0000000000001000-0x000000003ffeffff]
[    0.000000] ACPI: PM-Timer IO Port: 0x4008
[    0.000000] IOAPIC[0]: apic_id 2, version 32, address 0xfec00000, GSI 0-23
[    0.000000] ACPI: INT_SRC_OVR (bus 0 bus_irq 0 global_irq 2 dfl dfl)
[    0.000000] ACPI: INT_SRC_OVR (bus 0 bus_irq 9 global_irq 9 low level)
[    0.000000] Using ACPI (MADT) for SMP configuration information
[    0.000000] smpboot: Allowing 2 CPUs, 0 hotplug CPUs
[    0.000000] PM: Registered nosave memory: [mem 0x00000000-0x00000fff]
[    0.000000] PM: Registered nosave memory: [mem 0x0009f000-0x0009ffff]
[    0.000000] PM: Registered nosave memory: [mem 0x000a0000-0x000effff]
[    0.000000] PM: Registered nosave memory: [mem 0x000f0000-0x000fffff]
[    0.000000] e820: [mem 0x40000000-0xfebfffff] available for PCI devices
[    0.000000] Booting paravirtualized kernel on KVM
[    0.000000] clocksource: refined-jiffies: mask: 0xffffffff max_cycles: 0xffffffff, max_idle_ns: 7645519600211568 ns
[    0.000000] setup_percpu: NR_CPUS:8192 nr_cpumask_bits:2 nr_cpu_ids:2 nr_node_ids:1
[    0.000000] percpu: Embedded 50 pages/cpu s167936 r8192 d28672 u1048576
[    0.000000] PV qspinlock hash table entries: 256 (order: 0, 4096 bytes)
[    0.000000] Built 1 zonelists, mobility grouping on.  Total pages: 257913
[    0.000000] Policy zone: DMA32
[    0.000000] Kernel command line: BOOT_IMAGE=/boot/vmlinuz-4.15.0-212-generic root=LABEL=cloudimg-rootfs ro console=tty1 console=ttyS0
[    0.000000] Memory: 982644K/1048120K available (12300K kernel code, 2477K rwdata, 4324K rodata, 2480K init, 2720K bss, 65476K reserved, 0K cma-reserved)
[    0.000000] SLUB: HWalign=64, Order=0-3, MinObjects=0, CPUs=2, Nodes=1
[    0.000000] Kernel/User page tables isolation: enabled
[    0.000000] ftrace: allocating 39508 entries in 155 pages
[    0.004000] Hierarchical RCU implementation.
[    0.004000] 	RCU restricting CPUs from NR_CPUS=8192 to nr_cpu_ids=2.
[    0.004000] 	Tasks RCU enabled.
[    0.004000] RCU: Adjusting geometry for rcu_fanout_leaf=16, nr_cpu_ids=2
[    0.004000] NR_IRQS: 524544, nr_irqs: 440, preallocated irqs: 16
[    0.004000] random: crng init done
[    0.004000] Console: colour VGA+ 80x25
[    0.004000] console [tty1] enabled
[    0.004000] console [ttyS0] enabled
[    0.004000] ACPI: Core revision 20170831
[    0.004000] ACPI: 2 ACPI AML tables successfully acquired and loaded
[    0.004000] APIC: Switch to symmetric I/O mode setup
[    0.004000] x2apic enabled
[    0.004000] Switched APIC routing to physical x2apic.
[    0.004000] ..TIMER: vector=0x30 apic1=0 pin1=2 apic2=-1 pin2=-1
[    0.004000] tsc: Detected 2611.220 MHz processor
[    0.004000] Calibrating delay loop (skipped) preset value.. 5222.44 BogoMIPS (lpj=10444880)
[    0.004000] pid_max: default: 32768 minimum: 301
[    0.004019] Security Framework initialized
[    0.004396] Yama: becoming mindful.
[    0.004749] AppArmor: AppArmor initialized
[    0.005598] Dentry cache hash table entries: 131072 (order: 8, 1048576 bytes)
[    0.006309] Inode-cache hash table entries: 65536 (order: 7, 524288 bytes)
[    0.006924] Mount-cache hash table entries: 2048 (order: 2, 16384 bytes)
[    0.007505] Mountpoint-cache hash table entries: 2048 (order: 2, 16384 bytes)
[    0.008228] Last level iTLB entries: 4KB 0, 2MB 0, 4MB 0
[    0.008747] Last level dTLB entries: 4KB 0, 2MB 0, 4MB 0, 1GB 0
[    0.009313] Spectre V1 : Mitigation: usercopy/swapgs barriers and __user pointer sanitization
[    0.010136] Spectre V2 : Mitigation: Retpolines
[    0.010587] Spectre V2 : Spectre v2 / SpectreRSB mitigation: Filling RSB on context switch
[    0.011383] Spectre V2 : Spectre v2 / SpectreRSB : Filling RSB on VMEXIT
[    0.012001] Speculative Store Bypass: Vulnerable
[    0.012505] MDS: Mitigation: Clear CPU buffers
[    0.013059] Freeing SMP alternatives memory: 36K
[    0.124429] smpboot: CPU0: 11th Gen Intel(R) Core(TM) i5-11300H @ 3.10GHz (family: 0x6, model: 0x8c, stepping: 0x1)
[    0.126641] Performance Events: unsupported p6 CPU model 140 no PMU driver, software events only.
[    0.127674] Hierarchical SRCU implementation.
[    0.128680] NMI watchdog: Perf event create on CPU 0 failed with -2
[    0.129410] NMI watchdog: Perf NMI watchdog permanently disabled
[    0.130159] smp: Bringing up secondary CPUs ...
[    0.130821] x86: Booting SMP configuration:
[    0.131284] .... node  #0, CPUs:      #1
[    0.004000] kvm-clock: cpu 1, msr 0:3ff44041, secondary cpu clock
[    0.134425] smp: Brought up 1 node, 2 CPUs
[    0.134425] smpboot: Max logical packages: 1
[    0.134425] smpboot: Total of 2 processors activated (10444.88 BogoMIPS)
[    0.136099] devtmpfs: initialized
[    0.136392] x86/mm: Memory block size: 128MB
[    0.136939] evm: security.selinux
[    0.137293] evm: security.SMACK64
[    0.137643] evm: security.SMACK64EXEC
[    0.138070] evm: security.SMACK64TRANSMUTE
[    0.138563] evm: security.SMACK64MMAP
[    0.138955] evm: security.apparmor
[    0.139314] evm: security.ima
[    0.139633] evm: security.capability
[    0.140060] clocksource: jiffies: mask: 0xffffffff max_cycles: 0xffffffff, max_idle_ns: 7645041785100000 ns
[    0.140955] futex hash table entries: 512 (order: 3, 32768 bytes)
[    0.141597] pinctrl core: initialized pinctrl subsystem
[    0.142587] RTC time:  1:37:05, date: 12/13/23
[    0.143802] NET: Registered protocol family 16
[    0.144055] audit: initializing netlink subsys (disabled)
[    0.144601] audit: type=2000 audit(1702431430.185:1): state=initialized audit_enabled=0 res=1
[    0.144882] cpuidle: using governor ladder
[    0.144882] cpuidle: using governor menu
[    0.144927] ACPI: bus type PCI registered
[    0.145343] acpiphp: ACPI Hot Plug PCI Controller Driver version: 0.5
[    0.146021] PCI: Using configuration type 1 for base access
[    0.148833] HugeTLB registered 2.00 MiB page size, pre-allocated 0 pages
[    0.148833] ACPI: Added _OSI(Module Device)
[    0.148833] ACPI: Added _OSI(Processor Device)
[    0.148955] ACPI: Added _OSI(3.0 _SCP Extensions)
[    0.152006] ACPI: Added _OSI(Processor Aggregator Device)
[    0.152538] ACPI: Added _OSI(Linux-Dell-Video)
[    0.152989] ACPI: Added _OSI(Linux-Lenovo-NV-HDMI-Audio)
[    0.153514] ACPI: Added _OSI(Linux-HPI-Hybrid-Graphics)
[    0.154209] ACPI: Executed 1 blocks of module-level executable AML code
[    0.157461] ACPI: Interpreter enabled
[    0.157861] ACPI: (supports S0 S5)
[    0.158221] ACPI: Using IOAPIC for interrupt routing
[    0.158860] PCI: Using host bridge windows from ACPI; if necessary, use "pci=nocrs" and report a bug
[    0.159885] ACPI: Enabled 2 GPEs in block 00 to 07
[    0.163516] ACPI: PCI Root Bridge [PCI0] (domain 0000 [bus 00-ff])
[    0.164005] acpi PNP0A03:00: _OSC: OS supports [ASPM ClockPM Segments MSI]
[    0.164964] acpi PNP0A03:00: _OSC: not requesting OS control; OS requires [ExtendedConfig ASPM ClockPM MSI]
[    0.165913] acpi PNP0A03:00: fail to add MMCONFIG information, can't access extended PCI configuration space under this bridge.
[    0.167137] PCI host bridge to bus 0000:00
[    0.168002] pci_bus 0000:00: root bus resource [io  0x0000-0x0cf7 window]
[    0.168627] pci_bus 0000:00: root bus resource [io  0x0d00-0xffff window]
[    0.169224] pci_bus 0000:00: root bus resource [mem 0x000a0000-0x000bffff window]
[    0.169966] pci_bus 0000:00: root bus resource [mem 0x40000000-0xfdffffff window]
[    0.171211] pci_bus 0000:00: root bus resource [bus 00-ff]
[    0.173054] pci 0000:00:01.1: legacy IDE quirk: reg 0x10: [io  0x01f0-0x01f7]
[    0.173780] pci 0000:00:01.1: legacy IDE quirk: reg 0x14: [io  0x03f6]
[    0.174411] pci 0000:00:01.1: legacy IDE quirk: reg 0x18: [io  0x0170-0x0177]
[    0.175106] pci 0000:00:01.1: legacy IDE quirk: reg 0x1c: [io  0x0376]
[    0.183118] pci 0000:00:07.0: quirk: [io  0x4000-0x403f] claimed by PIIX4 ACPI
[    0.183865] pci 0000:00:07.0: quirk: [io  0x4100-0x410f] claimed by PIIX4 SMB
[    0.187080] ACPI: PCI Interrupt Link [LNKA] (IRQs 5 9 10 *11)
[    0.188192] ACPI: PCI Interrupt Link [LNKB] (IRQs 5 9 *10 11)
[    0.188855] ACPI: PCI Interrupt Link [LNKC] (IRQs 5 *9 10 11)
[    0.189476] ACPI: PCI Interrupt Link [LNKD] (IRQs 5 9 10 *11)
[    0.190527] SCSI subsystem initialized
[    0.191133] pci 0000:00:02.0: vgaarb: setting as boot VGA device
[    0.191133] pci 0000:00:02.0: vgaarb: VGA device added: decodes=io+mem,owns=io+mem,locks=none
[    0.192009] pci 0000:00:02.0: vgaarb: bridge control possible
[    0.192568] vgaarb: loaded
[    0.192888] ACPI: bus type USB registered
[    0.193340] usbcore: registered new interface driver usbfs
[    0.193885] usbcore: registered new interface driver hub
[    0.194413] usbcore: registered new device driver usb
[    0.196036] EDAC MC: Ver: 3.0.0
[    0.196476] PCI: Using ACPI for IRQ routing
[    0.196628] NetLabel: Initializing
[    0.197009] NetLabel:  domain hash size = 128
[    0.197448] NetLabel:  protocols = UNLABELED CIPSOv4 CALIPSO
[    0.198021] NetLabel:  unlabeled traffic allowed by default
[    0.198576] clocksource: Switched to clocksource kvm-clock
[    0.204149] VFS: Disk quotas dquot_6.6.0
[    0.204591] VFS: Dquot-cache hash table entries: 512 (order 0, 4096 bytes)
[    0.205270] AppArmor: AppArmor Filesystem Enabled
[    0.205720] pnp: PnP ACPI init
[    0.206651] pnp: PnP ACPI: found 3 devices
[    0.214721] clocksource: acpi_pm: mask: 0xffffff max_cycles: 0xffffff, max_idle_ns: 2085701024 ns
[    0.216103] NET: Registered protocol family 2
[    0.216606] IP idents hash table entries: 16384 (order: 5, 131072 bytes)
[    0.217921] TCP established hash table entries: 8192 (order: 4, 65536 bytes)
[    0.218748] TCP bind hash table entries: 8192 (order: 5, 131072 bytes)
[    0.219399] TCP: Hash tables configured (established 8192 bind 8192)
[    0.220070] UDP hash table entries: 512 (order: 2, 16384 bytes)
[    0.220668] UDP-Lite hash table entries: 512 (order: 2, 16384 bytes)
[    0.221319] NET: Registered protocol family 1
[    0.221783] pci 0000:00:00.0: Limiting direct PCI/PCI transfers
[    0.222373] pci 0000:00:01.0: Activating ISA DMA hang workarounds
[    0.223003] pci 0000:00:02.0: Video device with shadowed ROM at [mem 0x000c0000-0x000dffff]
[    0.223904] Unpacking initramfs...
[    0.414740] Freeing initrd memory: 19528K
[    0.415315] clocksource: tsc: mask: 0xffffffffffffffff max_cycles: 0x25a3a326fca, max_idle_ns: 440795256294 ns
[    0.416289] platform rtc_cmos: registered platform RTC device (no PNP device found)
[    0.417022] Scanning for low memory corruption every 60 seconds
[    0.418341] Initialise system trusted keyrings
[    0.418834] Key type blacklist registered
[    0.419404] workingset: timestamp_bits=36 max_order=18 bucket_order=0
[    0.421326] zbud: loaded
[    0.422133] squashfs: version 4.0 (2009/01/31) Phillip Lougher
[    0.422856] fuse init (API version 7.26)
[    0.424383] Key type asymmetric registered
[    0.424842] Asymmetric key parser 'x509' registered
[    0.425347] Block layer SCSI generic (bsg) driver version 0.4 loaded (major 246)
[    0.426111] io scheduler noop registered
[    0.426536] io scheduler deadline registered
[    0.426991] io scheduler cfq registered (default)
[    0.427678] ACPI: AC Adapter [AC] (on-line)
[    0.428405] input: Power Button as /devices/LNXSYSTM:00/LNXPWRBN:00/input/input0
[    0.429305] ACPI: Power Button [PWRF]
[    0.429765] input: Sleep Button as /devices/LNXSYSTM:00/LNXSLPBN:00/input/input1
[    0.430502] ACPI: Sleep Button [SLPF]
[    0.431492] ACPI: Battery Slot [BAT0] (battery present)
[    0.432111] Serial: 8250/16550 driver, 32 ports, IRQ sharing enabled
[    0.453599] 00:02: ttyS0 at I/O 0x3f8 (irq = 4, base_baud = 115200) is a 16550A
[    0.455407] Linux agpgart interface v0.103
[    0.457064] loop: module loaded
[    0.457878] scsi host0: ata_piix
[    0.458302] scsi host1: ata_piix
[    0.458667] ata1: PATA max UDMA/33 cmd 0x1f0 ctl 0x3f6 bmdma 0xd000 irq 14
[    0.459333] ata2: PATA max UDMA/33 cmd 0x170 ctl 0x376 bmdma 0xd008 irq 15
[    0.460105] tun: Universal TUN/TAP device driver, 1.6
[    0.460716] PPP generic driver version 2.4.2
[    0.461182] ehci_hcd: USB 2.0 'Enhanced' Host Controller (EHCI) Driver
[    0.461816] ehci-pci: EHCI PCI platform driver
[    0.462274] ehci-platform: EHCI generic platform driver
[    0.462796] ohci_hcd: USB 1.1 'Open' Host Controller (OHCI) Driver
[    0.463440] ohci-pci: OHCI PCI platform driver
[    0.463992] ohci-platform: OHCI generic platform driver
[    0.464617] uhci_hcd: USB Universal Host Controller Interface driver
[    0.465319] i8042: PNP: PS/2 Controller [PNP0303:PS2K,PNP0f03:PS2M] at 0x60,0x64 irq 1,12
[    0.466525] serio: i8042 KBD port at 0x60,0x64 irq 1
[    0.467063] serio: i8042 AUX port at 0x60,0x64 irq 12
[    0.467611] mousedev: PS/2 mouse device common for all mice
[    0.468368] input: AT Translated Set 2 keyboard as /devices/platform/i8042/serio0/input/input2
[    0.469478] rtc_cmos rtc_cmos: rtc core: registered rtc_cmos as rtc0
[    0.470777] rtc_cmos rtc_cmos: alarms up to one day, 114 bytes nvram
[    0.471426] i2c /dev entries driver
[    0.471842] device-mapper: uevent: version 1.0.3
[    0.472372] device-mapper: ioctl: 4.37.0-ioctl (2017-09-20) initialised: dm-devel@redhat.com
[    0.473279] ledtrig-cpu: registered to indicate activity on CPUs
[    0.474187] NET: Registered protocol family 10
[    0.477027] Segment Routing with IPv6
[    0.477472] NET: Registered protocol family 17
[    0.477982] Key type dns_resolver registered
[    0.478564] mce: Using 0 MCE banks
[    0.478985] RAS: Correctable Errors collector initialized.
[    0.479636] sched_clock: Marking stable (478513203, 0)->(566703409, -88190206)
[    0.480715] registered taskstats version 1
[    0.481165] Loading compiled-in X.509 certificates
[    0.483138] Loaded X.509 cert 'Build time autogenerated kernel key: b5b26778eaa3ab3a4a6cee031137706e947d12ad'
[    0.484553] Loaded X.509 cert 'Canonical Ltd. Live Patch Signing: 14df34d1a87cf37625abec039ef2bf521249b969'
[    0.485936] Loaded X.509 cert 'Canonical Ltd. Kernel Module Signing: 88f752e560a1e0737e31163a466ad7b70a850c19'
[    0.486905] blacklist: Loading compiled-in revocation X.509 certificates
[    0.487698] Loaded X.509 cert 'Canonical Ltd. Secure Boot Signing: 61482aa2830d0ab2ad5af10b7250da9033ddcef0'
[    0.488686] Loaded X.509 cert 'Canonical Ltd. Secure Boot Signing (2017): 242ade75ac4a15e50d50c84b0d45ff3eae707a03'
[    0.489724] Loaded X.509 cert 'Canonical Ltd. Secure Boot Signing (ESM 2018): 365188c1d374d6b07c3c8f240f8ef722433d6a8b'
[    0.490776] Loaded X.509 cert 'Canonical Ltd. Secure Boot Signing (2019): c0746fd6c5da3ae827864651ad66ae47fe24b3e8'
[    0.491781] Loaded X.509 cert 'Canonical Ltd. Secure Boot Signing (2021 v1): a8d54bbb3825cfb94fa13c9f8a594a195c107b8d'
[    0.492845] Loaded X.509 cert 'Canonical Ltd. Secure Boot Signing (2021 v2): 4cf046892d6fd3c9a5b03f98d845f90851dc6a8c'
[    0.493905] Loaded X.509 cert 'Canonical Ltd. Secure Boot Signing (2021 v3): 100437bb6de6e469b581e61cd66bce3ef4ed53af'
[    0.494939] Loaded X.509 cert 'Canonical Ltd. Secure Boot Signing (Ubuntu Core 2019): c1d57b8f6b743f23ee41f4f7ee292f06eecadfb9'
[    0.496106] zswap: loaded using pool lzo/zbud
[    0.499586] Key type big_key registered
[    0.500047] Key type trusted registered
[    0.501500] Key type encrypted registered
[    0.501942] AppArmor: AppArmor sha1 policy hashing enabled
[    0.502527] ima: No TPM chip found, activating TPM-bypass! (rc=-19)
[    0.503242] ima: Allocated hash algorithm: sha1
[    0.503748] evm: HMAC attrs: 0x1
[    0.504267]   Magic number: 3:697:609
[    0.504700] node node0: hash matches
[    0.505149] rtc_cmos rtc_cmos: setting system clock to 2023-12-13 01:37:05 UTC (1702431425)
[    0.506097] BIOS EDD facility v0.16 2004-Jun-25, 0 devices found
[    0.506683] EDD information not available.
[    0.711178] Freeing unused kernel image memory: 2480K
[    0.724156] Write protecting the kernel read-only data: 20480k
[    0.727416] Freeing unused kernel image memory: 2008K
[    0.731050] Freeing unused kernel image memory: 1820K
[    0.741469] x86/mm: Checked W+X mappings: passed, no W+X pages found.
[    0.742699] x86/mm: Checking user space page tables
[    0.746983] x86/mm: Checked W+X mappings: passed, no W+X pages found.
Loading, please wait...
starting version 237
[    0.785162] e1000: Intel(R) PRO/1000 Network Driver - version 7.3.21-k8-NAPI
[    0.785970] e1000: Copyright (c) 1999-2006 Intel Corporation.
[    0.793291] Fusion MPT base driver 3.04.20
[    0.793791] Copyright (c) 1999-2008 LSI Corporation
[    0.797288] Fusion MPT SPI Host driver 3.04.20
[    0.801755] AVX2 version of gcm_enc/dec engaged.
[    0.802355] AES CTR mode by8 optimization enabled
[    1.013000] input: ImExPS/2 Generic Explorer Mouse as /devices/platform/i8042/serio1/input/input4
[    1.131445] e1000 0000:00:03.0 eth0: (PCI:33MHz:32-bit) 02:3b:7b:b7:3b:2d
[    1.132278] e1000 0000:00:03.0 eth0: Intel(R) PRO/1000 Network Connection
[    1.133788] mptbase: ioc0: Initiating bringup
[    1.134215] e1000 0000:00:03.0 enp0s3: renamed from eth0
[    1.232110] ioc0: LSI53C1030 A0: Capabilities={Initiator}
[    1.484363] scsi host2: ioc0: LSI53C1030 A0, FwRev=00000000h, Ports=1, MaxQ=256, IRQ=20
[    1.653293] scsi 2:0:0:0: Direct-Access     VBOX     HARDDISK         1.0  PQ: 0 ANSI: 5
[    1.741922] scsi target2:0:0: Beginning Domain Validation
[    1.745557] scsi target2:0:0: Domain Validation skipping write tests
[    1.747507] scsi target2:0:0: Ending Domain Validation
[    1.748142] scsi target2:0:0: asynchronous
[    1.748872] scsi 2:0:1:0: Direct-Access     VBOX     HARDDISK         1.0  PQ: 0 ANSI: 5
[    2.706566] scsi target2:0:1: Beginning Domain Validation
[    2.709628] scsi target2:0:1: Domain Validation skipping write tests
[    2.711688] scsi target2:0:1: Ending Domain Validation
[    2.713324] scsi target2:0:1: asynchronous
[    2.715389] sd 2:0:0:0: Attached scsi generic sg0 type 0
[    2.716056] sd 2:0:0:0: [sda] 83886080 512-byte logical blocks: (42.9 GB/40.0 GiB)
[    2.716152] sd 2:0:1:0: [sdb] 20480 512-byte logical blocks: (10.5 MB/10.0 MiB)
[    2.717662] sd 2:0:0:0: [sda] Write Protect is off
[    2.717669] sd 2:0:1:0: [sdb] Write Protect is off
[    2.718681] sd 2:0:1:0: Attached scsi generic sg1 type 0
[    2.718714] sd 2:0:1:0: [sdb] Incomplete mode parameter data
[    2.719928] sd 2:0:1:0: [sdb] Assuming drive cache: write through
[    2.719939] sd 2:0:0:0: [sda] Incomplete mode parameter data
[    2.721166] sd 2:0:0:0: [sda] Assuming drive cache: write through
[    2.722527]  sda: sda1
[    2.722940] sd 2:0:1:0: [sdb] Attached SCSI disk
[    2.723784] sd 2:0:0:0: [sda] Attached SCSI disk
Begin: Loading essential drivers ... [    4.400575] raid6: sse2x1   gen() 20385 MB/s
[    4.448111] raid6: sse2x1   xor() 11021 MB/s
[    4.507968] raid6: sse2x2   gen() 30354 MB/s
[    4.568443] raid6: sse2x2   xor() 19492 MB/s
[    4.627833] raid6: sse2x4   gen() 31310 MB/s
[    4.679704] raid6: sse2x4   xor() 15206 MB/s
[    4.728541] raid6: avx2x1   gen() 35931 MB/s
[    4.783807] raid6: avx2x1   xor() 25123 MB/s
[    4.840353] raid6: avx2x2   gen() 51398 MB/s
[    4.895782] raid6: avx2x2   xor() 33550 MB/s
[    4.947760] raid6: avx2x4   gen() 46368 MB/s
[    4.999735] raid6: avx2x4   xor() 26629 MB/s
[    5.000216] raid6: using algorithm avx2x2 gen() 51398 MB/s
[    5.000727] raid6: .... xor() 33550 MB/s, rmw enabled
[    5.001208] raid6: using avx2x2 recovery algorithm
[    5.002344] xor: automatically using best checksumming function   avx       
[    5.003635] async_tx: api initialized (async)
done.
Begin: Running /scripts/init-premount ... done.
Begin: Mounting root file system ... Begin: Running /scripts/local-top ... done.
Begin: Running /scripts/local-premount ... [    5.032482] Btrfs loaded, crc32c=crc32c-intel
Scanning for Btrfs filesystems
done.
Warning: fsck not present, so skipping root file system
[    5.049901] EXT4-fs (sda1): INFO: recovery required on readonly filesystem
[    5.050740] EXT4-fs (sda1): write access will be enabled during recovery
[    5.090378] EXT4-fs (sda1): recovery complete
[    5.090948] EXT4-fs (sda1): mounted filesystem with ordered data mode. Opts: (null)
done.
Begin: Running /scripts/local-bottom ... done.
Begin: Running /scripts/init-bottom ... done.
[    5.254485] ip_tables: (C) 2000-2006 Netfilter Core Team
[    5.260584] systemd[1]: systemd 237 running in system mode. (+PAM +AUDIT +SELINUX +IMA +APPARMOR +SMACK +SYSVINIT +UTMP +LIBCRYPTSETUP +GCRYPT +GNUTLS +ACL +XZ +LZ4 +SECCOMP +BLKID +ELFUTILS +KMOD -IDN2 +IDN -PCRE2 default-hierarchy=hybrid)
[    5.262738] systemd[1]: Detected virtualization oracle.
[    5.263271] systemd[1]: Detected architecture x86-64.

Welcome to [1mUbuntu 18.04.6 LTS[0m!

[    5.266886] systemd[1]: Set hostname to <ubuntu-bionic>.
[    5.494970] systemd[1]: Reached target Mounting snaps.
[[0;32m  OK  [0m] Reached target Mounting snaps.
[    5.496080] systemd[1]: Started Forward Password Requests to Wall Directory Watch.
[[0;32m  OK  [0m] Started Forward Password Requests to Wall Directory Watch.
[    5.498347] systemd[1]: Created slice System Slice.
[[0;32m  OK  [0m] Created slice System Slice.
[    5.499333] systemd[1]: Listening on udev Control Socket.
[[0;32m  OK  [0m] Listening on udev Control Socket.
[    5.501262] systemd[1]: Listening on LVM2 metadata daemon socket.
[[0;32m  OK  [0m] Listening on LVM2 metadata daemon socket.
[    5.502468] systemd[1]: Listening on Network Service Netlink Socket.
[[0;32m  OK  [0m] Listening on Network Service Netlink Socket.
[[0;32m  OK  [0m] Listening on Journal Socket (/dev/log).
[[0;32m  OK  [0m] Listening on Journal Audit Socket.
[[0;32m  OK  [0m] Listening on fsck to fsckd communication Socket.
[[0;32m  OK  [0m] Listening on /dev/initctl Compatibility Named Pipe.
[[0;32m  OK  [0m] Set up automount Arbitrary Executab…rmats File System Automount Point.
[[0;32m  OK  [0m] Listening on Device-mapper event daemon FIFOs.
[[0;32m  OK  [0m] Listening on Journal Socket.
         Starting Set the console keyboard layout...
         Starting Load Kernel Modules...
         Mounting Huge Pages File System...
         Mounting POSIX Message Queue File System...
[[0;32m  OK  [0m] Listening on LVM2 poll daemon socket.
         Starting Create list of required st…ce nodes for the current kernel...
         Mounting Kernel Debug File System...
         Starting File System Check on Root Device...
[[0;32m  OK  [0m] Reached target System Time Synchronized.
[[0;32m  OK  [0m] Reached target User and Group Name Lookups.
[[0;32m  OK  [0m] Created slice User and Session Slice.
[[0;32m  OK  [0m] Reached target Slices.
[    5.522256] Loading iSCSI transport class v2.0-870.
[    5.526973] iscsi: registered transport (tcp)
[    5.538243] iscsi: registered transport (iser)
[[0;32m  OK  [0m] Reached target Swap.
         Starting Uncomplicated firewall...
         Starting Monitoring of LVM2 mirrors…ng dmeventd or progress polling...
[[0;32m  OK  [0m] Listening on udev Kernel Socket.
         Starting udev Coldplug all Devices...
[[0;32m  OK  [0m] Listening on Syslog Socket.
         Starting Journal Service...
[[0;32m  OK  [0m] Created slice system-serial\x2dgetty.slice.
[[0;32m  OK  [0m] Started Load Kernel Modules.
[[0;32m  OK  [0m] Started Create list of required sta…vice nodes for the current kernel.
[[0;32m  OK  [0m] Started File System Check Daemon to report status.
         Starting Create Static Device Nodes in /dev...
         Mounting FUSE Control File System...
         Mounting Kernel Configuration File System...
         Starting Apply Kernel Variables...
[[0;32m  OK  [0m] Mounted Huge Pages File System.
[[0;32m  OK  [0m] Mounted POSIX Message Queue File System.
[[0;32m  OK  [0m] Mounted Kernel Debug File System.
[[0;32m  OK  [0m] Mounted FUSE Control File System.
[[0;32m  OK  [0m] Mounted Kernel Configuration File System.
[[0;32m  OK  [0m] Started udev Coldplug all Devices.
[[0;32m  OK  [0m] Started LVM2 metadata daemon.
[[0;32m  OK  [0m] Started Uncomplicated firewall.
[[0;32m  OK  [0m] Started Journal Service.
[[0;32m  OK  [0m] Started Create Static Device Nodes in /dev.
[[0;32m  OK  [0m] Started File System Check on Root Device.
         Starting Remount Root and Kernel File Systems...
[[0;32m  OK  [0m] Started Apply Kernel Variables.
[[0;32m  OK  [0m] Started Remount Root and Kernel File Systems.
         Starting Load/Save Random Seed...
         Starting udev Kernel Device Manager...
         Starting Flush Journal to Persistent Storage...
[[0;32m  OK  [0m] Started Monitoring of LVM2 mirrors,…sing dmeventd or progress polling.
[[0;32m  OK  [0m] Started Load/Save Random Seed.
[[0;32m  OK  [0m] Started Set the console keyboard layout.
[[0;32m  OK  [0m] Reached target Local File Systems (Pre).
         Mounting Mount unit for kubectl, revision 3119...
         Mounting Mount unit for core20, revision 2015...
         Mounting Mount unit for snapd, revision 20290...
[[0;32m  OK  [0m] Started udev Kernel Device Manager.
[[0;32m  OK  [0m] Started Dispatch Password Requests to Console Directory Watch.
[[0;32m  OK  [0m] Reached target Local Encrypted Volumes.
[[0;32m  OK  [0m] Started Flush Journal to Persistent Storage.
[[0;32m  OK  [0m] Mounted Mount unit for kubectl, revision 3119.
[[0;32m  OK  [0m] Mounted Mount unit for core20, revision 2015.
[[0;32m  OK  [0m] Mounted Mount unit for snapd, revision 20290.
[[0;32m  OK  [0m] Reached target Mounted snaps.
[[0;32m  OK  [0m] Reached target Local File Systems.
         Starting Tell Plymouth To Write Out Runtime Data...
         Starting Set console font and keymap...
         Starting AppArmor initialization...
         Starting Create Volatile Files and Directories...
         Starting ebtables ruleset management...
[[0;32m  OK  [0m] Started Set console font and keymap.
[[0;32m  OK  [0m] Started Tell Plymouth To Write Out Runtime Data.
[[0;32m  OK  [0m] Started Create Volatile Files and Directories.
         Starting Update UTMP about System Boot/Shutdown...
[[0;32m  OK  [0m] Started Update UTMP about System Boot/Shutdown.
[[0;32m  OK  [0m] Found device /dev/ttyS0.
[[0;32m  OK  [0m] Started ebtables ruleset management.
[[0;32m  OK  [0m] Listening on Load/Save RF Kill Switch Status /dev/rfkill Watch.
[[0;32m  OK  [0m] Started AppArmor initialization.
         Starting Load AppArmor profiles managed internally by snapd...
         Starting Initial cloud-init job (pre-networking)...
         Mounting Arbitrary Executable File Formats File System...
[[0;32m  OK  [0m] Mounted Arbitrary Executable File Formats File System.
[[0;32m  OK  [0m] Started Load AppArmor profiles managed internally by snapd.
[    7.359175] cloud-init[602]: Cloud-init v. 23.1.2-0ubuntu0~18.04.1 running 'init-local' at Wed, 13 Dec 2023 01:37:12 +0000. Up 7.22 seconds.
[[0;32m  OK  [0m] Started Initial cloud-init job (pre-networking).
[[0;32m  OK  [0m] Reached target Network (Pre).
         Starting Network Service...
[[0;32m  OK  [0m] Started Network Service.
         Starting Wait for Network to be Configured...
         Starting Network Name Resolution...
[[0;32m  OK  [0m] Started Network Name Resolution.
[[0;32m  OK  [0m] Reached target Host and Network Name Lookups.
[[0;32m  OK  [0m] Reached target Network.
[[0;32m  OK  [0m] Started Wait for Network to be Configured.
         Starting Initial cloud-init job (metadata service crawler)...
[    9.472323] cloud-init[715]: Cloud-init v. 23.1.2-0ubuntu0~18.04.1 running 'init' at Wed, 13 Dec 2023 01:37:14 +0000. Up 9.39 seconds.
[    9.474028] cloud-init[715]: ci-info: ++++++++++++++++++++++++++++++++++++++Net device info++++++++++++++++++++++++++++++++++++++
[    9.474852] cloud-init[715]: ci-info: +--------+------+----------------------------+---------------+--------+-------------------+
[    9.475606] cloud-init[715]: ci-info: | Device |  Up  |          Address           |      Mask     | Scope  |     Hw-Address    |
[    9.476435] cloud-init[715]: ci-info: +--------+------+----------------------------+---------------+--------+-------------------+
[    9.477225] cloud-init[715]: ci-info: | enp0s3 | True |         10.0.2.15          | 255.255.255.0 | global | 02:3b:7b:b7:3b:2d |
[    9.477990] cloud-init[715]: ci-info: | enp0s3 | True | fe80::3b:7bff:feb7:3b2d/64 |       .       |  link  | 02:3b:7b:b7:3b:2d |
[    9.478823] cloud-init[715]: ci-info: |   lo   | True |         127.0.0.1          |   255.0.0.0   |  host  |         .         |
[    9.479560] cloud-init[715]: ci-info: |   lo   | True |          ::1/128           |       .       |  host  |         .         |
[    9.480348] cloud-init[715]: ci-info: +--------+------+----------------------------+---------------+--------+-------------------+
[    9.481164] cloud-init[715]: ci-info: ++++++++++++++++++++++++++++Route IPv4 info+++++++++++++++++++++++++++++
[    9.481889] cloud-init[715]: ci-info: +-------+-------------+----------+-----------------+-----------+-------+
[    9.482601] cloud-init[715]: ci-info: | Route | Destination | Gateway  |     Genmask     | Interface | Flags |
[    9.483289] cloud-init[715]: ci-info: +-------+-------------+----------+-----------------+-----------+-------+
[    9.484014] cloud-init[715]: ci-info: |   0   |   0.0.0.0   | 10.0.2.2 |     0.0.0.0     |   enp0s3  |   UG  |
[    9.484688] cloud-init[715]: ci-info: |   1   |   10.0.2.0  | 0.0.0.0  |  255.255.255.0  |   enp0s3  |   U   |
[    9.485407] cloud-init[715]: ci-info: |   2   |   10.0.2.2  | 0.0.0.0  | 255.255.255.255 |   enp0s3  |   UH  |
[    9.486076] cloud-init[715]: ci-info: +-------+-------------+----------+-----------------+-----------+-------+
[    9.486754] cloud-init[715]: ci-info: +++++++++++++++++++Route IPv6 info+++++++++++++++++++
[    9.487336] cloud-init[715]: ci-info: +-------+-------------+---------+-----------+-------+
[    9.487912] cloud-init[715]: ci-info: | Route | Destination | Gateway | Interface | Flags |
[    9.488609] cloud-init[715]: ci-info: +-------+-------------+---------+-----------+-------+
[    9.489195] cloud-init[715]: ci-info: |   1   |  fe80::/64  |    ::   |   enp0s3  |   U   |
[    9.489780] cloud-init[715]: ci-info: |   3   |    local    |    ::   |   enp0s3  |   U   |
[    9.490423] cloud-init[715]: ci-info: |   4   |   ff00::/8  |    ::   |   enp0s3  |   U   |
[    9.491408] cloud-init[715]: ci-info: +-------+-------------+---------+-----------+-------+
[[0;32m  OK  [0m] Started Initial cloud-init job (metadata service crawler).
[[0;32m  OK  [0m] Reached target System Initialization.
[[0;32m  OK  [0m] Listening on UUID daemon activation socket.
[[0;32m  OK  [0m] Started Daily Cleanup of Temporary Directories.
[[0;32m  OK  [0m] Listening on cloud-init hotplug hook socket.
[[0;32m  OK  [0m] Started Discard unused blocks once a week.
[[0;32m  OK  [0m] Listening on Open-iSCSI iscsid Socket.
         Starting LXD - unix socket.
[[0;32m  OK  [0m] Listening on D-Bus System Message Bus Socket.
[[0;32m  OK  [0m] Started ACPI Events Check.
[[0;32m  OK  [0m] Reached target Paths.
[[0;32m  OK  [0m] Started Ubuntu Advantage Timer for running repeated jobs.
         Starting Docker Socket for the API.
[[0;32m  OK  [0m] Started Daily apt download activities.
[[0;32m  OK  [0m] Started Daily apt upgrade and clean activities.
[[0;32m  OK  [0m] Listening on ACPID Listen Socket.
[[0;32m  OK  [0m] Started Message of the Day.
[[0;32m  OK  [0m] Reached target Timers.
         Starting Socket activation for snappy daemon.
[[0;32m  OK  [0m] Reached target Cloud-config availability.
[[0;32m  OK  [0m] Reached target Network is Online.
         Starting Availability of block devices...
[[0;32m  OK  [0m] Reached target Remote File Systems (Pre).
         Mounting /vagrant...
[[0;32m  OK  [0m] Listening on LXD - unix socket.
[[0;32m  OK  [0m] Listening on Docker Socket for the API.
[[0;32m  OK  [0m] Listening on Socket activation for snappy daemon.
[[0;32m  OK  [0m] Reached target Sockets.
[[0;32m  OK  [0m] Reached target Basic System.
[[0;32m  OK  [0m] Started D-Bus System Message Bus.
[[0;32m  OK  [0m] Started Deferred execution scheduler.
         Starting containerd container runtime...
         Starting Accounts Service...
         Starting Dispatcher daemon for systemd-networkd...
         Starting LXD - container startup/shutdown...
         Starting System Logging Service...
[[0;32m  OK  [0m] Started irqbalance daemon.
         Starting LSB: Record successful boot for GRUB...
[[0;32m  OK  [0m] Started Regular background program processing daemon.
[[0;32m  OK  [0m] Started FUSE filesystem for LXC.
         Starting Snap Daemon...
         Starting OpenBSD Secure Shell server...
         Starting Login Service...
[[0;32m  OK  [0m] Reached target Login Prompts (Pre).
         Starting Virtualbox guest utils...
[[0;32m  OK  [0m] Started Availability of block devices.
[[0;32m  OK  [0m] Mounted /vagrant.
[[0;32m  OK  [0m] Reached target Remote File Systems.
         Starting Permit User Sessions...
         Starting LSB: automatic crash report generation...
[[0;32m  OK  [0m] Started System Logging Service.
[[0;32m  OK  [0m] Started Permit User Sessions.
         Starting Hold until boot process finishes up...
         Starting Terminate Plymouth Boot Screen...
[[0;32m  OK  [0m] Started Hold until boot process finishes up.
         Starting Set console scheme...
[[0;32m  OK  [0m] Started Serial Getty on ttyS0.
[[0;32m  OK  [0m] Started Terminate Plymouth Boot Screen.
[[0;32m  OK  [0m] Started Set console scheme.
[[0;32m  OK  [0m] Started Login Service.
[[0;32m  OK  [0m] Started Unattended Upgrades Shutdown.
[[0;32m  OK  [0m] Created slice system-getty.slice.
[[0;32m  OK  [0m] Started Getty on tty1.
[[0;32m  OK  [0m] Reached target Login Prompts.
         Starting Authorization Manager...
[[0;32m  OK  [0m] Started OpenBSD Secure Shell server.
[[0;32m  OK  [0m] Started LSB: Record successful boot for GRUB.
[[0;32m  OK  [0m] Started Authorization Manager.
[[0;32m  OK  [0m] Started Accounts Service.
[[0;32m  OK  [0m] Started Virtualbox guest utils.
[[0;32m  OK  [0m] Started LSB: automatic crash report generation.
[[0;32m  OK  [0m] Started LXD - container startup/shutdown.
[[0;32m  OK  [0m] Started Dispatcher daemon for systemd-networkd.
[[0;1;31mFAILED[0m] Failed to start Snap Daemon.
See 'systemctl status snapd.service' for details.
         Starting Wait until snapd is fully seeded...
[[0;32m  OK  [0m] Started containerd container runtime.
         Starting Docker Application Container Engine...
[[0;32m  OK  [0m] Stopped Snap Daemon.
         Starting Snap Daemon...
[[0;32m  OK  [0m] Started Snap Daemon.
         Starting Time & Date Service...
[[0;32m  OK  [0m] Started Time & Date Service.
[[0;32m  OK  [0m] Started Wait until snapd is fully seeded.
         Starting Apply the settings specified in cloud-config...
[   12.241230] cloud-init[1306]: Cloud-init v. 23.1.2-0ubuntu0~18.04.1 running 'modules:config' at Wed, 13 Dec 2023 01:37:17 +0000. Up 12.18 seconds.
[[0;32m  OK  [0m] Started Apply the settings specified in cloud-config.
[[0;32m  OK  [0m] Started Docker Application Container Engine.
[[0;32m  OK  [0m] Reached target Multi-User System.
[[0;32m  OK  [0m] Reached target Graphical Interface.
         Starting Update UTMP about System Runlevel Changes...
         Starting Execute cloud user/final scripts...
[[0;32m  OK  [0m] Started Update UTMP about System Runlevel Changes.
[   13.190351] cloud-init[1518]: Cloud-init v. 23.1.2-0ubuntu0~18.04.1 running 'modules:final' at Wed, 13 Dec 2023 01:37:18 +0000. Up 13.10 seconds.
[   13.191324] cloud-init[1518]: Cloud-init v. 23.1.2-0ubuntu0~18.04.1 finished at Wed, 13 Dec 2023 01:37:18 +0000. Datasource DataSourceNoCloud [seed=/dev/sdb][dsmode=net].  Up 13.18 seconds
[[0;32m  OK  [0m] Started Execute cloud user/final scripts.
[[0;32m  OK  [0m] Reached target Cloud-init target.

Ubuntu 18.04.6 LTS ubuntu-bionic ttyS0

ubuntu-bionic login: [[0;32m  OK  [0m] Stopped target Timers.
[[0;32m  OK  [0m] Stopped target Host and Network Name Lookups.
[[0;32m  OK  [0m] Stopped Discard unused blocks once a week.
         Stopping Session 4 of user vagrant.
[[0;32m  OK  [0m] Stopped target Graphical Interface.
         Stopping Availability of block devices...
         Stopping Session 1 of user vagrant.
[[0;32m  OK  [0m] Stopped Message of the Day.
         Stopping Accounts Service...
[[0;32m  OK  [0m] Stopped target Cloud-init target.
         Stopping Authorization Manager...
[[0;32m  OK  [0m] Closed Load/Save RF Kill Switch Status /dev/rfkill Watch.
[[0;32m  OK  [0m] Stopped Ubuntu Advantage Timer for running repeated jobs.
[[0;32m  OK  [0m] Stopped Execute cloud user/final scripts.
[[0;32m  OK  [0m] Stopped target Multi-User System.
         Stopping Docker Application Container Engine...
         Stopping OpenBSD Secure Shell server...
         Stopping Virtualbox guest utils...
         Stopping Dispatcher daemon for systemd-networkd...
         Stopping LSB: Record successful boot for GRUB...
         Stopping D-Bus System Message Bus...
         Stopping Deferred execution scheduler...
         Stopping FUSE filesystem for LXC...
         Stopping irqbalance daemon...
[[0;32m  OK  [0m] Stopped Daily Cleanup of Temporary Directories.
         Stopping Regular background program processing daemon...
[[0;32m  OK  [0m] Stopped target Login Prompts.
         Stopping LXD - container startup/shutdown...
         Stopping Serial Getty on ttyS0...
         Stopping User Manager for UID 1000...
[[0;32m  OK  [0m] Stopped Apply the settings specified in cloud-config.
         Stopping System Logging Service...
         Stopping Getty on tty1...
[[0;32m  OK  [0m] Stopped Wait until snapd is fully seeded.
         Stopping Snap Daemon...
         Stopping LSB: automatic crash report generation...
[[0;32m  OK  [0m] Stopped target Cloud-config availability.
[[0;32m  OK  [0m] Stopped Daily apt upgrade and clean activities.
[[0;32m  OK  [0m] Stopped Daily apt download activities.
[[0;32m  OK  [0m] Stopped target System Time Synchronized.
[[0;32m  OK  [0m] Unmounted /var/lib/lxcfs.
[[0;32m  OK  [0m] Stopped Deferred execution scheduler.
[[0;32m  OK  [0m] Stopped Accounts Service.
[[0;32m  OK  [0m] Stopped Dispatcher daemon for systemd-networkd.
[[0;32m  OK  [0m] Stopped irqbalance daemon.
[[0;32m  OK  [0m] Stopped Regular background program processing daemon.
[[0;32m  OK  [0m] Stopped Serial Getty on ttyS0.
[[0;32m  OK  [0m] Stopped OpenBSD Secure Shell server.
[[0;32m  OK  [0m] Stopped Getty on tty1.
[[0;32m  OK  [0m] Stopped Authorization Manager.
[[0;32m  OK  [0m] Stopped Snap Daemon.
[[0;32m  OK  [0m] Stopped Docker Application Container Engine.
[[0;32m  OK  [0m] Stopped D-Bus System Message Bus.
[[0;32m  OK  [0m] Stopped System Logging Service.
[[0;32m  OK  [0m] Stopped Session 1 of user vagrant.
[[0;32m  OK  [0m] Stopped Session 4 of user vagrant.
[[0;32m  OK  [0m] Stopped LXD - container startup/shutdown.
         Stopping containerd container runtime...
[[0;32m  OK  [0m] Removed slice system-getty.slice.
[[0;32m  OK  [0m] Stopped target Login Prompts (Pre).
[[0;32m  OK  [0m] Removed slice system-serial\x2dgetty.slice.
[[0;32m  OK  [0m] Stopped containerd container runtime.
[[0;32m  OK  [0m] Stopped User Manager for UID 1000.
[[0;32m  OK  [0m] Removed slice User Slice of vagrant.
         Stopping Permit User Sessions...
         Stopping Login Service...
[[0;32m  OK  [0m] Stopped FUSE filesystem for LXC.
[[0;32m  OK  [0m] Stopped Availability of block devices.
[[0;32m  OK  [0m] Stopped Permit User Sessions.
[[0;32m  OK  [0m] Stopped LSB: Record successful boot for GRUB.
[[0;32m  OK  [0m] Stopped LSB: automatic crash report generation.
[[0;32m  OK  [0m] Stopped target Remote File Systems.
         Unmounting /vagrant...
[[0;32m  OK  [0m] Stopped Virtualbox guest utils.
[[0;32m  OK  [0m] Unmounted /vagrant.
[[0;32m  OK  [0m] Stopped target Network is Online.
[[0;32m  OK  [0m] Stopped target Remote File Systems (Pre).
[[0;32m  OK  [0m] Stopped target Network.
         Stopping Network Name Resolution...
[[0;32m  OK  [0m] Stopped Login Service.
[[0;32m  OK  [0m] Stopped target Basic System.
[[0;32m  OK  [0m] Stopped target Sockets.
[[0;32m  OK  [0m] Closed ACPID Listen Socket.
[[0;32m  OK  [0m] Closed LXD - unix socket.
[[0;32m  OK  [0m] Closed D-Bus System Message Bus Socket.
[[0;32m  OK  [0m] Closed Docker Socket for the API.
[[0;32m  OK  [0m] Closed cloud-init hotplug hook socket.
[[0;32m  OK  [0m] Closed Open-iSCSI iscsid Socket.
[[0;32m  OK  [0m] Closed UUID daemon activation socket.
[[0;32m  OK  [0m] Closed Syslog Socket.
[[0;32m  OK  [0m] Closed Socket activation for snappy daemon.
[[0;32m  OK  [0m] Stopped target Paths.
[[0;32m  OK  [0m] Stopped ACPI Events Check.
[[0;32m  OK  [0m] Stopped target Slices.
[[0;32m  OK  [0m] Removed slice User and Session Slice.
[[0;32m  OK  [0m] Stopped target User and Group Name Lookups.
[[0;32m  OK  [0m] Stopped target System Initialization.
         Stopping Update UTMP about System Boot/Shutdown...
[[0;32m  OK  [0m] Stopped target Local Encrypted Volumes.
[[0;32m  OK  [0m] Stopped Dispatch Password Requests to Console Directory Watch.
[[0;32m  OK  [0m] Stopped Forward Password Requests to Wall Directory Watch.
[[0;32m  OK  [0m] Stopped Initial cloud-init job (metadata service crawler).
[[0;32m  OK  [0m] Stopped Wait for Network to be Configured.
         Stopping Load/Save Random Seed...
[[0;32m  OK  [0m] Stopped Network Name Resolution.
         Stopping Network Service...
[[0;32m  OK  [0m] Stopped Update UTMP about System Boot/Shutdown.
[[0;32m  OK  [0m] Stopped Create Volatile Files and Directories.
[[0;32m  OK  [0m] Stopped target Local File Systems.
[[0;32m  OK  [0m] Stopped target Mounted snaps.
         Unmounting Mount unit for snapd, revision 20290...
         Unmounting Mount unit for core20, revision 2015...
         Unmounting Mount unit for kubectl, revision 3119...
         Unmounting /run/user/1000...
[[0;32m  OK  [0m] Stopped Load/Save Random Seed.
[[0;32m  OK  [0m] Unmounted Mount unit for core20, revision 2015.
[[0;32m  OK  [0m] Unmounted /run/user/1000.
[[0;32m  OK  [0m] Stopped target Swap.
[[0;32m  OK  [0m] Unmounted Mount unit for kubectl, revision 3119.
[[0;32m  OK  [0m] Unmounted Mount unit for snapd, revision 20290.
[[0;32m  OK  [0m] Reached target Unmount All Filesystems.
[[0;32m  OK  [0m] Stopped target Local File Systems (Pre).
[[0;32m  OK  [0m] Stopped Create Static Device Nodes in /dev.
         Stopping Monitoring of LVM2 mirrors…ng dmeventd or progress polling...
[[0;32m  OK  [0m] Stopped target Mounting snaps.
[[0;32m  OK  [0m] Stopped Monitoring of LVM2 mirrors,…sing dmeventd or progress polling.
         Stopping LVM2 metadata daemon...
[[0;32m  OK  [0m] Stopped LVM2 metadata daemon.
[[0;32m  OK  [0m] Stopped Network Service.
[[0;32m  OK  [0m] Stopped target Network (Pre).
[[0;32m  OK  [0m] Stopped Initial cloud-init job (pre-networking).
[[0;32m  OK  [0m] Stopped Remount Root and Kernel File Systems.
[[0;32m  OK  [0m] Stopped Apply Kernel Variables.
[[0;32m  OK  [0m] Stopped Load Kernel Modules.
[[0;32m  OK  [0m] Reached target Shutdown.
[[0;32m  OK  [0m] Reached target Final Step.
         Starting Power-Off...
[  303.303210] reboot: Power down
